<?xml version="1.0" encoding="UTF-8"?>
<testsuite xmlns:xsi="http://www.w3.org/2001/XMLSchema-instance" xsi:noNamespaceSchemaLocation="https://maven.apache.org/surefire/maven-surefire-plugin/xsd/surefire-test-report.xsd" name="com.example.demo.CoinDeskApplicationTests" time="7.971" tests="9" errors="1" skipped="0" failures="0">
  <properties>
[...]
</properties>
  <testcase name="testGetCoinDeskFromApi" classname="com.example.demo.CoinDeskApplicationTests" time="1.313"/>
  <testcase name="testDeleteCoinDeskSuccess" classname="com.example.demo.CoinDeskApplicationTests" time="0.415"/>
  <testcase name="testUpdateCoinDesk" classname="com.example.demo.CoinDeskApplicationTests" time="0.354"/>
  <testcase name="testCreateCoinDesk" classname="com.example.demo.CoinDeskApplicationTests" time="0.308"/>
  <testcase name="testDeleteCoinDeskFail" classname="com.example.demo.CoinDeskApplicationTests" time="0.295"/>
  <testcase name="testGetCoinDesks" classname="com.example.demo.CoinDeskApplicationTests" time="0.363"/>
  <testcase name="testFindByCurrency" classname="com.example.demo.CoinDeskApplicationTests" time="0.295"/>
  <testcase name="testGetNewCoinDeskApi" classname="com.example.demo.CoinDeskApplicationTests" time="0.321">
    <error message="I/O error on GET request for &quot;http://localhost:8080/coinDesks/getCoinDesk&quot;: Connection refused: connect" type="org.springframework.web.client.ResourceAccessException">org.springframework.web.client.ResourceAccessException: I/O error on GET request for "http://localhost:8080/coinDesks/getCoinDesk": Connection refused: connect
	at com.example.demo.CoinDeskApplicationTests.testGetNewCoinDeskApi(CoinDeskApplicationTests.java:173)
Caused by: java.net.ConnectException: Connection refused: connect
	at com.example.demo.CoinDeskApplicationTests.testGetNewCoinDeskApi(CoinDeskApplicationTests.java:173)
</error>
    <system-out><![CDATA[2023-02-23T22:49:44.707+08:00  INFO 4428 --- [           main] j.LocalContainerEntityManagerFactoryBean : Closing JPA EntityManagerFactory for persistence unit 'default'
2023-02-23T22:49:44.707+08:00  INFO 4428 --- [           main] .SchemaDropperImpl$DelayedDropActionImpl : HHH000477: Starting delayed evictData of schema as part of SessionFactory shut-down'
2023-02-23T22:49:44.708+08:00  INFO 4428 --- [           main] com.zaxxer.hikari.HikariDataSource       : HikariPool-8 - Shutdown initiated...
2023-02-23T22:49:44.715+08:00  INFO 4428 --- [           main] com.zaxxer.hikari.HikariDataSource       : HikariPool-8 - Shutdown completed.

  .   ____          _            __ _ _
 /\\ / ___'_ __ _ _(_)_ __  __ _ \ \ \ \
( ( )\___ | '_ | '_| | '_ \/ _` | \ \ \ \
 \\/  ___)| |_)| | | | | || (_| |  ) ) ) )
  '  |____| .__|_| |_|_| |_\__, | / / / /
 =========|_|==============|___/=/_/_/_/
 :: Spring Boot ::                (v3.0.2)

2023-02-23T22:49:44.730+08:00  WARN 4428 --- [           main] ory$DuplicateJsonObjectContextCustomizer : 

Found multiple occurrences of org.json.JSONObject on the class path:

	jar:file:/C:/Users/user/.m2/repository/com/vaadin/external/google/android-json/0.0.20131108.vaadin1/android-json-0.0.20131108.vaadin1.jar!/org/json/JSONObject.class
	jar:file:/C:/Users/user/.m2/repository/org/json/json/20220924/json-20220924.jar!/org/json/JSONObject.class

You may wish to exclude one of them to ensure predictable runtime behavior

2023-02-23T22:49:44.731+08:00  INFO 4428 --- [           main] c.example.demo.CoinDeskApplicationTests  : Starting CoinDeskApplicationTests using Java 17.0.5 with PID 4428 (started by user in D:\workspaces\coinDesk\coinDesk)
2023-02-23T22:49:44.731+08:00  INFO 4428 --- [           main] c.example.demo.CoinDeskApplicationTests  : No active profile set, falling back to 1 default profile: "default"
2023-02-23T22:49:44.821+08:00  INFO 4428 --- [           main] .s.d.r.c.RepositoryConfigurationDelegate : Bootstrapping Spring Data JPA repositories in DEFAULT mode.
2023-02-23T22:49:44.826+08:00  INFO 4428 --- [           main] .s.d.r.c.RepositoryConfigurationDelegate : Finished Spring Data repository scanning in 5 ms. Found 1 JPA repository interfaces.
2023-02-23T22:49:44.871+08:00  INFO 4428 --- [           main] com.zaxxer.hikari.HikariDataSource       : HikariPool-9 - Starting...
2023-02-23T22:49:44.872+08:00  INFO 4428 --- [           main] com.zaxxer.hikari.pool.HikariPool        : HikariPool-9 - Added connection conn40: url=jdbc:h2:mem:testdb user=SA
2023-02-23T22:49:44.873+08:00  INFO 4428 --- [           main] com.zaxxer.hikari.HikariDataSource       : HikariPool-9 - Start completed.
2023-02-23T22:49:44.874+08:00  INFO 4428 --- [           main] o.hibernate.jpa.internal.util.LogHelper  : HHH000204: Processing PersistenceUnitInfo [name: default]
2023-02-23T22:49:44.877+08:00  WARN 4428 --- [           main] org.hibernate.orm.deprecation            : HHH90000021: Encountered deprecated setting [javax.persistence.sharedCache.mode], use [jakarta.persistence.sharedCache.mode] instead
2023-02-23T22:49:44.880+08:00  INFO 4428 --- [           main] SQL dialect                              : HHH000400: Using dialect: org.hibernate.dialect.H2Dialect
2023-02-23T22:49:44.900+08:00  INFO 4428 --- [           main] o.h.e.t.j.p.i.JtaPlatformInitiator       : HHH000490: Using JtaPlatform implementation: [org.hibernate.engine.transaction.jta.platform.internal.NoJtaPlatform]
2023-02-23T22:49:44.900+08:00  INFO 4428 --- [           main] j.LocalContainerEntityManagerFactoryBean : Initialized JPA EntityManagerFactory for persistence unit 'default'
2023-02-23T22:49:44.926+08:00  WARN 4428 --- [           main] JpaBaseConfiguration$JpaWebConfiguration : spring.jpa.open-in-view is enabled by default. Therefore, database queries may be performed during view rendering. Explicitly configure spring.jpa.open-in-view to disable this warning
2023-02-23T22:49:44.990+08:00  INFO 4428 --- [           main] o.s.b.a.h2.H2ConsoleAutoConfiguration    : H2 console available at '/h2-console'. Database available at 'jdbc:h2:mem:testdb'
2023-02-23T22:49:45.004+08:00  INFO 4428 --- [           main] c.example.demo.CoinDeskApplicationTests  : Started CoinDeskApplicationTests in 0.287 seconds (process running for 8.318)
]]></system-out>
  </testcase>
  <testcase name="contextLoads" classname="com.example.demo.CoinDeskApplicationTests" time="0.323"/>
</testsuite>